<?xml version="1.0" encoding="UTF-8"?>
<!-- Generated by org.testng.reporters.JUnitXMLReporter -->
<testsuite ignored="0" hostname="WIN-NQS2KO6930I" failures="0" tests="5" name="Test" time="85.644" errors="0" timestamp="2023-09-24T16:05:40 IST">
  <testcase classname="tests.FourTest" name="testfour" time="0.015"/>
  <testcase classname="tests.TwoTest" name="testtwo" time="0.0"/>
  <testcase classname="tests.ThreeTest" name="testthree" time="0.0"/>
  <testcase classname="tests.LoginTest" name="login" time="12.339"/>
  <testcase classname="tests.LoginTest" name="login" time="18.405"/>
</testsuite> <!-- Test -->
